{"level":"debug","ts":"2025-06-20T13:50:27.757Z","caller":"apps/client.go:186","msg":"Loading environment variables"}
{"level":"debug","ts":"2025-06-20T13:50:27.759Z","caller":"apps/client.go:191","msg":"Creating gRPC connections..."}
{"level":"info","ts":"2025-06-20T13:50:27.759Z","caller":"apps/client.go:283","msg":"Connecting to MerchantAward service at merchant_award:50065"}
{"level":"info","ts":"2025-06-20T13:50:27.759Z","caller":"apps/client.go:283","msg":"Connecting to MerchantBusiness service at merchant_business:50066"}
{"level":"info","ts":"2025-06-20T13:50:27.759Z","caller":"apps/client.go:283","msg":"Connecting to MerchantDetail service at merchant_detail:50067"}
{"level":"info","ts":"2025-06-20T13:50:27.760Z","caller":"apps/client.go:283","msg":"Connecting to MerchantPolicy service at merchant_policy:50068"}
{"level":"info","ts":"2025-06-20T13:50:27.760Z","caller":"apps/client.go:283","msg":"Connecting to Merchant service at merchant:50055"}
{"level":"info","ts":"2025-06-20T13:50:27.760Z","caller":"apps/client.go:283","msg":"Connecting to Product service at product:50058"}
{"level":"info","ts":"2025-06-20T13:50:27.760Z","caller":"apps/client.go:283","msg":"Connecting to OrderItem service at orderitem:50056"}
{"level":"info","ts":"2025-06-20T13:50:27.760Z","caller":"apps/client.go:283","msg":"Connecting to Cart service at cart:50060"}
{"level":"info","ts":"2025-06-20T13:50:27.761Z","caller":"apps/client.go:283","msg":"Connecting to Order service at order:50057"}
{"level":"info","ts":"2025-06-20T13:50:27.761Z","caller":"apps/client.go:283","msg":"Connecting to Slider service at slider:50062"}
{"level":"info","ts":"2025-06-20T13:50:27.761Z","caller":"apps/client.go:283","msg":"Connecting to ShippingAddress service at shipping_address:50063"}
{"level":"info","ts":"2025-06-20T13:50:27.761Z","caller":"apps/client.go:283","msg":"Connecting to Banner service at banner:50064"}
{"level":"info","ts":"2025-06-20T13:50:27.761Z","caller":"apps/client.go:283","msg":"Connecting to ReviewDetail service at review_detail:50069"}
{"level":"info","ts":"2025-06-20T13:50:27.761Z","caller":"apps/client.go:283","msg":"Connecting to Role service at role:50052"}
{"level":"info","ts":"2025-06-20T13:50:27.762Z","caller":"apps/client.go:283","msg":"Connecting to User service at user:50053"}
{"level":"info","ts":"2025-06-20T13:50:27.762Z","caller":"apps/client.go:283","msg":"Connecting to Transaction service at transaction:50059"}
{"level":"info","ts":"2025-06-20T13:50:27.762Z","caller":"apps/client.go:283","msg":"Connecting to Review service at review:50061"}
{"level":"info","ts":"2025-06-20T13:50:27.762Z","caller":"apps/client.go:283","msg":"Connecting to Auth service at auth:50051"}
{"level":"info","ts":"2025-06-20T13:50:27.762Z","caller":"apps/client.go:283","msg":"Connecting to Category service at category:50054"}
{"level":"info","ts":"2025-06-20T13:50:27.764Z","caller":"apps/client.go:228","msg":"Starting API Gateway server on :5000"}
{"level":"info","ts":"2025-06-20T13:50:27.765Z","caller":"apps/client.go:236","msg":"Starting Prometheus metrics server on :8100"}
